d:\dxgi desktop duplication sample\c++\debug\vc120.pdb
d:\dxgi desktop duplication sample\c++\debug\vc120.idb
d:\dxgi desktop duplication sample\c++\debug\desktopduplication.obj
d:\dxgi desktop duplication sample\c++\debug\displaymanager.obj
d:\dxgi desktop duplication sample\c++\debug\duplicationmanager.obj
d:\dxgi desktop duplication sample\c++\debug\outputmanager.obj
d:\dxgi desktop duplication sample\c++\debug\threadmanager.obj
d:\dxgi desktop duplication sample\c++\debug\wictextureloader.obj
d:\dxgi desktop duplication sample\c++\debug\pixelshader.h
d:\dxgi desktop duplication sample\c++\debug\pixelshader1.h
d:\dxgi desktop duplication sample\c++\debug\vertexshader.h
d:\dxgi desktop duplication sample\c++\debug\vertexshader1.h
d:\dxgi desktop duplication sample\c++\debug\pixelshader1.cso
d:\dxgi desktop duplication sample\c++\debug\vertexshader1.cso
d:\dxgi desktop duplication sample\c++\debug\desktopduplication.pdb
d:\dxgi desktop duplication sample\c++\debug\desktopd.05050918.tlog\cl.command.1.tlog
d:\dxgi desktop duplication sample\c++\debug\desktopd.05050918.tlog\cl.read.1.tlog
d:\dxgi desktop duplication sample\c++\debug\desktopd.05050918.tlog\cl.write.1.tlog
d:\dxgi desktop duplication sample\c++\debug\desktopd.05050918.tlog\desktopduplication.write.1u.tlog
d:\dxgi desktop duplication sample\c++\debug\desktopd.05050918.tlog\fxc.command.1.tlog
d:\dxgi desktop duplication sample\c++\debug\desktopd.05050918.tlog\fxc.read.1.tlog
d:\dxgi desktop duplication sample\c++\debug\desktopd.05050918.tlog\fxc.write.1.tlog
d:\dxgi desktop duplication sample\c++\debug\desktopd.05050918.tlog\link-cvtres.read.1.tlog
d:\dxgi desktop duplication sample\c++\debug\desktopd.05050918.tlog\link-cvtres.write.1.tlog
d:\dxgi desktop duplication sample\c++\debug\desktopd.05050918.tlog\link-mt.read.1.tlog
d:\dxgi desktop duplication sample\c++\debug\desktopd.05050918.tlog\link-mt.write.1.tlog
d:\dxgi desktop duplication sample\c++\debug\desktopd.05050918.tlog\link-rc.read.1.tlog
d:\dxgi desktop duplication sample\c++\debug\desktopd.05050918.tlog\link-rc.write.1.tlog
d:\dxgi desktop duplication sample\c++\debug\desktopd.05050918.tlog\link.command.1.tlog
d:\dxgi desktop duplication sample\c++\debug\desktopd.05050918.tlog\link.read.1.tlog
d:\dxgi desktop duplication sample\c++\debug\desktopd.05050918.tlog\link.write.1.tlog
